<?xml version="1.0" encoding="UTF-8"?>
<testng-results ignored="0" total="1" passed="1" failed="0" skipped="0">
  <reporter-output>
  </reporter-output>
  <suite started-at="2023-03-22T19:14:50 IST" name="Default suite" finished-at="2023-03-22T19:15:19 IST" duration-ms="28694">
    <groups>
    </groups>
    <test started-at="2023-03-22T19:14:50 IST" name="Default test" finished-at="2023-03-22T19:15:19 IST" duration-ms="28694">
      <class name="TestCases.AdminLoginTC">
        <test-method is-config="true" signature="setup()[pri:0, instance:TestCases.AdminLoginTC@298a5e20]" started-at="2023-03-22T19:14:50 IST" name="setup" finished-at="2023-03-22T19:15:03 IST" duration-ms="12860" status="PASS">
          <reporter-output>
          </reporter-output>
        </test-method> <!-- setup -->
        <test-method signature="Adminlogin()[pri:0, instance:TestCases.AdminLoginTC@298a5e20]" started-at="2023-03-22T19:15:03 IST" name="Adminlogin" finished-at="2023-03-22T19:15:04 IST" duration-ms="1152" status="PASS">
          <reporter-output>
          </reporter-output>
        </test-method> <!-- Adminlogin -->
        <test-method is-config="true" signature="teardown()[pri:0, instance:TestCases.AdminLoginTC@298a5e20]" started-at="2023-03-22T19:15:04 IST" name="teardown" finished-at="2023-03-22T19:15:19 IST" duration-ms="14606" status="PASS">
          <reporter-output>
          </reporter-output>
        </test-method> <!-- teardown -->
      </class> <!-- TestCases.AdminLoginTC -->
    </test> <!-- Default test -->
  </suite> <!-- Default suite -->
</testng-results>
